<?xml version="1.0" encoding="UTF-8"?>
<!-- Generated by org.testng.reporters.JUnitReportReporter -->
<testsuite hostname="LT-MBP-079.local" failures="0" tests="1" name="prakhar" time="6.924" errors="1" timestamp="2024-05-03T19:52:17 IST" skipped="0">
  <testcase classname="prakhar" name="visualRegression1" time="6.924">
    <error message="The requested resource could not be found, or a request was received using an HTTP method that is not supported by the mapped resource
Build info: version: &#039;4.9.1&#039;, revision: &#039;eb2032df7f&#039;
System info: os.name: &#039;Mac OS X&#039;, os.arch: &#039;x86_64&#039;, os.version: &#039;14.4.1&#039;, java.version: &#039;20.0.1&#039;
Driver info: org.openqa.selenium.remote.RemoteWebDriver
Command: [5d523f2f-be43-4866-b687-ee8eeef81f36, getElementShadowRoot {id=:wdc:1714746136547}]
Capabilities {autoAcceptAlerts: true, autoDismissAlerts: true, autoGrantPermissions: true, automationName: XCUITEST, browserName: Safari, databaseEnabled: false, derivedDataPath: /Users/ltadmin/Documents/ap..., deviceName: iPhone 14, headless: false, javascriptEnabled: true, locationContextEnabled: false, nativeWebScreenshot: true, networkConnectionEnabled: false, newCommandTimeout: 0, noReset: false, orientation: PORTRAIT, platform: ios, platformName: IOS, platformVersion: 16.0, takesScreenshot: true, udid: 00008110-000214520E01401E, usePrebuiltWDA: true, waitForQuiescence: false, wdaLocalPort: 11153, webStorageEnabled: false}
Element: [[RemoteWebDriver: Safari on IOS (5d523f2f-be43-4866-b687-ee8eeef81f36)] -&gt; xpath: //*[@id=&#039;file-upload&#039;]]
Session ID: 5d523f2f-be43-4866-b687-ee8eeef81f36" type="org.openqa.selenium.UnsupportedCommandException">
      <![CDATA[org.openqa.selenium.UnsupportedCommandException: The requested resource could not be found, or a request was received using an HTTP method that is not supported by the mapped resource
Build info: version: '4.9.1', revision: 'eb2032df7f'
System info: os.name: 'Mac OS X', os.arch: 'x86_64', os.version: '14.4.1', java.version: '20.0.1'
Driver info: org.openqa.selenium.remote.RemoteWebDriver
Command: [5d523f2f-be43-4866-b687-ee8eeef81f36, getElementShadowRoot {id=:wdc:1714746136547}]
Capabilities {autoAcceptAlerts: true, autoDismissAlerts: true, autoGrantPermissions: true, automationName: XCUITEST, browserName: Safari, databaseEnabled: false, derivedDataPath: /Users/ltadmin/Documents/ap..., deviceName: iPhone 14, headless: false, javascriptEnabled: true, locationContextEnabled: false, nativeWebScreenshot: true, networkConnectionEnabled: false, newCommandTimeout: 0, noReset: false, orientation: PORTRAIT, platform: ios, platformName: IOS, platformVersion: 16.0, takesScreenshot: true, udid: 00008110-000214520E01401E, usePrebuiltWDA: true, waitForQuiescence: false, wdaLocalPort: 11153, webStorageEnabled: false}
Element: [[RemoteWebDriver: Safari on IOS (5d523f2f-be43-4866-b687-ee8eeef81f36)] -> xpath: //*[@id='file-upload']]
Session ID: 5d523f2f-be43-4866-b687-ee8eeef81f36
at java.base/jdk.internal.reflect.DirectConstructorHandleAccessor.newInstance(DirectConstructorHandleAccessor.java:67)
at java.base/java.lang.reflect.Constructor.newInstanceWithCaller(Constructor.java:500)
at java.base/java.lang.reflect.Constructor.newInstance(Constructor.java:484)
at org.openqa.selenium.remote.codec.w3c.W3CHttpResponseCodec.createException(W3CHttpResponseCodec.java:200)
at org.openqa.selenium.remote.codec.w3c.W3CHttpResponseCodec.decode(W3CHttpResponseCodec.java:133)
at org.openqa.selenium.remote.codec.w3c.W3CHttpResponseCodec.decode(W3CHttpResponseCodec.java:53)
at org.openqa.selenium.remote.HttpCommandExecutor.execute(HttpCommandExecutor.java:193)
at org.openqa.selenium.remote.TracedCommandExecutor.execute(TracedCommandExecutor.java:51)
at org.openqa.selenium.remote.RemoteWebDriver.execute(RemoteWebDriver.java:543)
at org.openqa.selenium.remote.RemoteWebElement.execute(RemoteWebElement.java:257)
at org.openqa.selenium.remote.RemoteWebElement.getShadowRoot(RemoteWebElement.java:251)
at prakhar.visualRegression1(prakhar.java:77)
at java.base/jdk.internal.reflect.DirectMethodHandleAccessor.invoke(DirectMethodHandleAccessor.java:104)
at java.base/java.lang.reflect.Method.invoke(Method.java:578)
at org.testng.internal.invokers.MethodInvocationHelper.invokeMethod(MethodInvocationHelper.java:139)
at org.testng.internal.invokers.TestInvoker.invokeMethod(TestInvoker.java:677)
at org.testng.internal.invokers.TestInvoker.invokeTestMethod(TestInvoker.java:221)
at org.testng.internal.invokers.MethodRunner.runInSequence(MethodRunner.java:50)
at org.testng.internal.invokers.TestInvoker$MethodInvocationAgent.invoke(TestInvoker.java:969)
at org.testng.internal.invokers.TestInvoker.invokeTestMethods(TestInvoker.java:194)
at org.testng.internal.invokers.TestMethodWorker.invokeTestMethods(TestMethodWorker.java:148)
at org.testng.internal.invokers.TestMethodWorker.run(TestMethodWorker.java:128)
at java.base/java.util.ArrayList.forEach(ArrayList.java:1511)
at org.testng.TestRunner.privateRun(TestRunner.java:829)
at org.testng.TestRunner.run(TestRunner.java:602)
at org.testng.SuiteRunner.runTest(SuiteRunner.java:437)
at org.testng.SuiteRunner.runSequentially(SuiteRunner.java:431)
at org.testng.SuiteRunner.privateRun(SuiteRunner.java:391)
at org.testng.SuiteRunner.run(SuiteRunner.java:330)
at org.testng.SuiteRunnerWorker.runSuite(SuiteRunnerWorker.java:52)
at org.testng.SuiteRunnerWorker.run(SuiteRunnerWorker.java:95)
at org.testng.TestNG.runSuitesSequentially(TestNG.java:1256)
at org.testng.TestNG.runSuitesLocally(TestNG.java:1176)
at org.testng.TestNG.runSuites(TestNG.java:1099)
at org.testng.TestNG.run(TestNG.java:1067)
at org.testng.remote.AbstractRemoteTestNG.run(AbstractRemoteTestNG.java:115)
at org.testng.remote.RemoteTestNG.initAndRun(RemoteTestNG.java:251)
at org.testng.remote.RemoteTestNG.main(RemoteTestNG.java:77)
]]>
    </error>
  </testcase> <!-- visualRegression1 -->
  <system-out/>
</testsuite> <!-- prakhar -->
